This is LuaTeX, Version beta-0.79.1 (TeX Live 2014) (rev 4971)  (format=lualatex 2016.5.14)  13 FEB 2017 18:40
 restricted \write18 enabled.
**documentation.tex
(./documentation.tex
LaTeX2e <2014/05/01>
Babel <3.9l> and hyphenation patterns for 79 languages loaded.
(/usr/local/texlive/2014/texmf-dist/tex/latex/base/article.cls
Document Class: article 2014/09/29 v1.4h Standard LaTeX document class
(/usr/local/texlive/2014/texmf-dist/tex/latex/base/size12.clo
File: size12.clo 2014/09/29 v1.4h Standard LaTeX file (size option)
)
\c@part=\count79
\c@section=\count80
\c@subsection=\count81
\c@subsubsection=\count82
\c@paragraph=\count83
\c@subparagraph=\count84
\c@figure=\count85
\c@table=\count86
\abovecaptionskip=\skip41
\belowcaptionskip=\skip42
\bibindent=\dimen102
)
(/usr/local/texlive/2014/texmf-dist/tex/latex/preprint/fullpage.sty
Package: fullpage 1999/02/23 1.1 (PWD)
\FP@margin=\skip43
)
(/usr/local/texlive/2014/texmf-dist/tex/latex/fontspec/fontspec.sty
Package: fontspec 2015/03/14 v2.4c Font selection for XeLaTeX and LuaLaTeX

(/usr/local/texlive/2014/texmf-dist/tex/latex/l3kernel/expl3.sty
Package: expl3 2015/03/01 v5547 L3 programming layer (loader) 

(/usr/local/texlive/2014/texmf-dist/tex/latex/l3kernel/expl3-code.tex
Package: expl3 2015/03/01 v5547 L3 programming layer (code) 
L3 Module: l3bootstrap 2015/02/28 v5542 L3 Bootstrap code

(/usr/local/texlive/2014/texmf-dist/tex/latex/etex-pkg/etex.sty
Package: etex 2015/03/02 v2.1 eTeX basic definition package (PEB,DPC)
\et@xins=\count87
)
L3 Module: l3names 2015/02/24 v5535 L3 Namespace for primitives
L3 Module: l3basics 2015/01/27 v5500 L3 Basic definitions
L3 Module: l3expan 2014/11/27 v5472 L3 Argument expansion
L3 Module: l3tl 2015/01/27 v5500 L3 Token lists
L3 Module: l3str 2015/03/01 v5545 L3 Strings
L3 Module: l3seq 2014/08/23 v5354 L3 Sequences and stacks
L3 Module: l3int 2015/02/21 v5529 L3 Integers
\c_max_int=\count88
\l_tmpa_int=\count89
\l_tmpb_int=\count90
\g_tmpa_int=\count91
\g_tmpb_int=\count92
L3 Module: l3quark 2014/08/23 v5354 L3 Quarks
L3 Module: l3prg 2014/08/23 v5354 L3 Control structures
\g__prg_map_int=\count93
L3 Module: l3clist 2014/08/23 v5354 L3 Comma separated lists
L3 Module: l3token 2014/09/15 v5422 L3 Experimental token manipulation
L3 Module: l3prop 2014/08/23 v5354 L3 Property lists
L3 Module: l3msg 2015/02/26 v5537 L3 Messages
L3 Module: l3file 2014/08/24 v5369 L3 File and I/O operations
\l_iow_line_count_int=\count94
\l__iow_target_count_int=\count95
\l__iow_current_line_int=\count96
\l__iow_current_word_int=\count97
\l__iow_current_indentation_int=\count98
L3 Module: l3skip 2014/08/23 v5354 L3 Dimensions and skips
\c_zero_dim=\dimen103
\c_max_dim=\dimen104
\l_tmpa_dim=\dimen105
\l_tmpb_dim=\dimen106
\g_tmpa_dim=\dimen107
\g_tmpb_dim=\dimen108
\c_zero_skip=\skip44
\c_max_skip=\skip45
\l_tmpa_skip=\skip46
\l_tmpb_skip=\skip47
\g_tmpa_skip=\skip48
\g_tmpb_skip=\skip49
\c_zero_muskip=\muskip10
\c_max_muskip=\muskip11
\l_tmpa_muskip=\muskip12
\l_tmpb_muskip=\muskip13
\g_tmpa_muskip=\muskip14
\g_tmpb_muskip=\muskip15
L3 Module: l3keys 2015/01/27 v5500 L3 Key-value interfaces
\g__keyval_level_int=\count99
\l_keys_choice_int=\count100
L3 Module: l3fp 2014/08/22 v5336 L3 Floating points
\c__fp_leading_shift_int=\count101
\c__fp_middle_shift_int=\count102
\c__fp_trailing_shift_int=\count103
\c__fp_big_leading_shift_int=\count104
\c__fp_big_middle_shift_int=\count105
\c__fp_big_trailing_shift_int=\count106
\c__fp_Bigg_leading_shift_int=\count107
\c__fp_Bigg_middle_shift_int=\count108
\c__fp_Bigg_trailing_shift_int=\count109
L3 Module: l3box 2014/08/23 v5354 L3 Experimental boxes
\c_empty_box=\box26
\l_tmpa_box=\box27
\l_tmpb_box=\box28
\g_tmpa_box=\box29
\g_tmpb_box=\box30
L3 Module: l3coffins 2014/08/23 v5354 L3 Coffin code layer
\l__coffin_internal_box=\box31
\l__coffin_internal_dim=\dimen109
\l__coffin_offset_x_dim=\dimen110
\l__coffin_offset_y_dim=\dimen111
\l__coffin_x_dim=\dimen112
\l__coffin_y_dim=\dimen113
\l__coffin_x_prime_dim=\dimen114
\l__coffin_y_prime_dim=\dimen115
\c_empty_coffin=\box32
\l__coffin_aligned_coffin=\box33
\l__coffin_aligned_internal_coffin=\box34
\l_tmpa_coffin=\box35
\l_tmpb_coffin=\box36
\l__coffin_display_coffin=\box37
\l__coffin_display_coord_coffin=\box38
\l__coffin_display_pole_coffin=\box39
\l__coffin_display_offset_dim=\dimen116
\l__coffin_display_x_dim=\dimen117
\l__coffin_display_y_dim=\dimen118
L3 Module: l3color 2014/08/23 v5354 L3 Experimental color support
L3 Module: l3candidates 2015/03/01 v5544 L3 Experimental additions to l3kernel
\l__box_top_dim=\dimen119
\l__box_bottom_dim=\dimen120
\l__box_left_dim=\dimen121
\l__box_right_dim=\dimen122
\l__box_top_new_dim=\dimen123
\l__box_bottom_new_dim=\dimen124
\l__box_left_new_dim=\dimen125
\l__box_right_new_dim=\dimen126
\l__box_internal_box=\box40
\l__coffin_bounding_shift_dim=\dimen127
\l__coffin_left_corner_dim=\dimen128
\l__coffin_right_corner_dim=\dimen129
\l__coffin_bottom_corner_dim=\dimen130
\l__coffin_top_corner_dim=\dimen131
\l__coffin_scaled_total_height_dim=\dimen132
\l__coffin_scaled_width_dim=\dimen133
)
(/usr/local/texlive/2014/texmf-dist/tex/latex/l3kernel/l3unicode-data.def
File: l3unicode-data.def 2015/03/01 v5544 L3 Unicode data
)
(/usr/local/texlive/2014/texmf-dist/tex/latex/l3kernel/l3pdfmode.def
File: l3pdfmode.def 2015/03/01 v5544 L3 Experimental driver: PDF mode
\l__driver_color_stack_int=\count110
))
(/usr/local/texlive/2014/texmf-dist/tex/latex/l3packages/xparse/xparse.sty
Package: xparse 2014/11/25 v5471 L3 Experimental document command parser
\l__xparse_current_arg_int=\count111
\l__xparse_m_args_int=\count112
\l__xparse_mandatory_args_int=\count113
\l__xparse_processor_int=\count114
\l__xparse_v_nesting_int=\count115
)
(/usr/local/texlive/2014/texmf-dist/tex/luatex/luaotfload/luaotfload.sty
Package: luaotfload 2014/08/10 v2.5-4 OpenType layout system

(/usr/local/texlive/2014/texmf-dist/tex/luatex/luatexbase/luatexbase.sty
Package: luatexbase 2013/05/11 v0.6 Resource management for the LuaTeX macro pro
grammer

(/usr/local/texlive/2014/texmf-dist/tex/generic/oberdiek/ifluatex.sty
Package: ifluatex 2010/03/01 v1.3 Provides the ifluatex switch (HO)
Package ifluatex Info: LuaTeX detected.
)
(/usr/local/texlive/2014/texmf-dist/tex/generic/oberdiek/luatex.sty
Package: luatex 2010/03/09 v0.4 LuaTeX basic definition package (HO)

(/usr/local/texlive/2014/texmf-dist/tex/generic/oberdiek/infwarerr.sty
Package: infwarerr 2010/04/08 v1.3 Providing info/warning/error messages (HO)
)
\LuT@AllocAttribute=\count277
\LuT@AllocCatcodeTable=\count278
\CatcodeTableStack=\count279
\CatcodeTableIniTeX=\catcodetable1
\CatcodeTableString=\catcodetable3
\CatcodeTableOther=\catcodetable5
\CatcodeTableLaTeX=\catcodetable7

(/usr/local/texlive/2014/texmf-dist/tex/generic/oberdiek/luatex-loader.sty
Package: luatex-loader 2010/03/09 v0.4 Lua module loader (HO)

(/usr/local/texlive/2014/texmf-dist/scripts/oberdiek/oberdiek.luatex.lua)))
(/usr/local/texlive/2014/texmf-dist/tex/luatex/luatexbase/luatexbase-compat.sty
Package: luatexbase-compat 2011/05/24 v0.4 Compatibility tools for LuaTeX
)
(/usr/local/texlive/2014/texmf-dist/tex/luatex/luatexbase/luatexbase-modutils.s
ty
Package: luatexbase-modutils 2013/05/11 v0.6 Module utilities for LuaTeX

(/usr/local/texlive/2014/texmf-dist/tex/luatex/luatexbase/luatexbase-loader.sty
Package: luatexbase-loader 2013/05/11 v0.6 Lua module loader for LuaTeX
(/usr/local/texlive/2014/texmf-dist/tex/luatex/luatexbase/luatexbase.loader.lua)
)
(/usr/local/texlive/2014/texmf-dist/tex/luatex/luatexbase/modutils.lua)
Lua module: luatexbase-modutils 2013/05/11 0.6 Module utilities for LuaTeX
)
(/usr/local/texlive/2014/texmf-dist/tex/luatex/luatexbase/luatexbase-regs.sty
Package: luatexbase-regs 2011/05/24 v0.4 Registers allocation for LuaTeX
)
(/usr/local/texlive/2014/texmf-dist/tex/luatex/luatexbase/luatexbase-attr.sty
Package: luatexbase-attr 2013/05/11 v0.6 Attributes allocation for LuaTeX

(/usr/local/texlive/2014/texmf-dist/tex/luatex/luatexbase/attr.lua)
Lua module: luatexbase-attr 2013/05/11 0.6 Attributes allocation for LuaTeX
\lltxb@attr@unsetvalue=\count280
)
(/usr/local/texlive/2014/texmf-dist/tex/luatex/luatexbase/luatexbase-cctb.sty
Package: luatexbase-cctb 2013/05/11 v0.6 Catcodetable allocation for LuaTeX

(/usr/local/texlive/2014/texmf-dist/tex/luatex/luatexbase/cctb.lua)
Lua module: luatexbase-cctb 2013/05/11 0.6 Catcodetable allocation for LuaTeX
\lltxb@catcodetable@alloc=\count281
\CatcodeTableStack=\count282
\CatcodeTableIniTeX=\luatexcatcodetable1
\CatcodeTableString=\luatexcatcodetable3
\CatcodeTableOther=\luatexcatcodetable5
\CatcodeTableLaTeX=\luatexcatcodetable7
\CatcodeTableLaTeXAtLetter=\luatexcatcodetable9
\CatcodeTableExpl=\luatexcatcodetable11
)
(/usr/local/texlive/2014/texmf-dist/tex/luatex/luatexbase/luatexbase-mcb.sty
Package: luatexbase-mcb 2013/05/11 v0.6 Callback management for LuaTeX

(/usr/local/texlive/2014/texmf-dist/tex/luatex/luatexbase/mcb.lua)
Lua module: luatexbase-mcb 2013/05/11 0.6 register several functions in a callba
ck
))
(/usr/local/texlive/2014/texmf-dist/tex/luatex/luaotfload/luaotfload-main.lua)
Lua module: luaotfload-main 2014/08/10 2.50003 OpenType layout system.

(/usr/local/texlive/2014/texmf-dist/tex/luatex/luaotfload/luaotfload-log.lua)
(/usr/local/texlive/2014/texmf-dist/tex/luatex/luaotfload/luaotfload-fontloader.
lua)(using write cache: /home/manos/.texlive2014/texmf-var/luatex-cache/generic)
(using read cache: /usr/local/texlive/2014/texmf-var/luatex-cache/generic /home/
manos/.texlive2014/texmf-var/luatex-cache/generic)
luatexbase-attr: luatexbase.attributes["luaotfload@kernpair"] = 1
luatexbase-attr: luatexbase.attributes["luaotfload@ligacomp"] = 2
luatexbase-attr: luatexbase.attributes["luaotfload@markbase"] = 3
luatexbase-attr: luatexbase.attributes["luaotfload@markmark"] = 4
luatexbase-attr: luatexbase.attributes["luaotfload@markdone"] = 5
luatexbase-attr: luatexbase.attributes["luaotfload@cursbase"] = 6
luatexbase-attr: luatexbase.attributes["luaotfload@curscurs"] = 7
luatexbase-attr: luatexbase.attributes["luaotfload@cursdone"] = 8
luatexbase-attr: luatexbase.attributes["luaotfload@state"] = 9
luaotfload | main : fontloader loaded in 0.040 seconds
luatexbase-mcb: inserting 'luaotfload.node_processor'
at position 1 in 'pre_linebreak_filter'
luatexbase-mcb: inserting 'luaotfload.node_processor'
at position 1 in 'hpack_filter'
luatexbase-mcb: inserting 'luaotfload.find_vf_file'
at position 1 in 'find_vf_file'
(/usr/local/texlive/2014/texmf-dist/tex/luatex/luaotfload/luaotfload-override.lu
a)
(/usr/local/texlive/2014/texmf-dist/tex/luatex/luaotfload/luaotfload-parsers.lua
)
(/usr/local/texlive/2014/texmf-dist/tex/luatex/luaotfload/luaotfload-configurati
on.lua)
(/usr/local/texlive/2014/texmf-dist/tex/luatex/luaotfload/luaotfload-status.lua)
luaotfload | conf : Root cache directory is /home/manos/.texlive2014/texmf-var/l
uatex-cache/generic/names.
(/usr/local/texlive/2014/texmf-dist/tex/luatex/luaotfload/luaotfload-loaders.lua
)
(/usr/local/texlive/2014/texmf-dist/tex/luatex/luaotfload/luaotfload-database.lu
a)
(/usr/local/texlive/2014/texmf-dist/tex/luatex/luaotfload/luaotfload-colors.lua)
luaotfload | conf : Root cache directory is /home/manos/.texlive2014/texmf-var/l
uatex-cache/generic/names.
luatexbase-mcb: creating 'luaotfload.resolve_font' type 4
luatexbase-mcb: creating 'luaotfload.patch_font' type 4
luatexbase-mcb: resetting callback 'define_font'
luatexbase-mcb: inserting 'luaotfload.define_font'
at position 1 in 'define_font'
(/usr/local/texlive/2014/texmf-dist/tex/luatex/luaotfload/luaotfload-features.lu
a)
(/usr/local/texlive/2014/texmf-dist/tex/luatex/luaotfload/luaotfload-letterspace
.lua)
(/usr/local/texlive/2014/texmf-dist/tex/luatex/luaotfload/luaotfload-auxiliary.l
ua)
luatexbase-mcb: inserting 'luaotfload.aux.set_sscale_dimens'
at position 1 in 'luaotfload.patch_font'
luatexbase-mcb: inserting 'luaotfload.aux.patch_cambria_domh'
at position 2 in 'luaotfload.patch_font'
luatexbase-mcb: inserting 'luaotfload.aux.set_capheight'
at position 3 in 'luaotfload.patch_font'
luatexbase-mcb: inserting 'luaotfload.rewrite_fontname'
at position 4 in 'luaotfload.patch_font')
(/usr/local/texlive/2014/texmf-dist/tex/latex/fontspec/fontspec.lua)
Lua module: fontspec 2013/05/20 2.3c Advanced font selection for LuaLaTeX.
\l_fontspec_script_int=\count283
\l_fontspec_language_int=\count284
\l_fontspec_strnum_int=\count285
\l__fontspec_tmpa_dim=\dimen256
\l__fontspec_tmpb_dim=\dimen257
\l__fontspec_tmpc_dim=\dimen258
Variant \tl_gset:cV already defined; not changing it on line 71

*************************************************
* fontspec warning: "cm-default-obsolete"
* 
* The "cm-default" package option is obsolete.
*************************************************
(/usr/local/texlive/2014/texmf-dist/tex/latex/fontspec/fontspec-patches.sty
Package: fontspec-patches 2015/03/14 v2.4c Font selection for XeLaTeX and LuaLaT
eX
LaTeX Info: Redefining \em on input line 49.
LaTeX Info: Redefining \emph on input line 57.
LaTeX Info: Redefining \- on input line 60.
.................................................
. LaTeX info: "xparse/redefine-command"
. 
. Redefining command \oldstylenums with sig. 'm' on line 155.
.................................................
.................................................
. LaTeX info: "xparse/define-command"
. 
. Defining command \liningnums with sig. 'm' on line 159.
.................................................
)
(/usr/local/texlive/2014/texmf-dist/tex/latex/fontspec/fontspec-luatex.sty
Package: fontspec-luatex 2015/03/14 v2.4c Font selection for XeLaTeX and LuaLaTe
X

(/usr/local/texlive/2014/texmf-dist/tex/latex/base/fontenc.sty
Package: fontenc 2005/09/27 v1.99g Standard LaTeX package

(/usr/local/texlive/2014/texmf-dist/tex/latex/euenc/eu2enc.def
File: eu2enc.def 2010/05/27 v0.1h Experimental Unicode font encodings
)
LaTeX Font Info:    Try loading font information for EU2+lmr on input line 100.

(/usr/local/texlive/2014/texmf-dist/tex/latex/euenc/eu2lmr.fd
File: eu2lmr.fd 2009/10/30 v1.6 Font defs for Latin Modern
)
luaotfload | db : Font names database loaded from /home/manos/.texlive2014/texmf
-var/luatex-cache/generic/names/luaotfload-names.luc(compiling luc: /usr/local/t
exlive/2014/texmf-var/luatex-cache/generic/fonts/otf/lmroman10-regular.luc)(load
 luc: /home/manos/.texlive2014/texmf-var/luatex-cache/generic/fonts/otf/lmroman1
0-regular.luc))
(/usr/local/texlive/2014/texmf-dist/tex/xelatex/xunicode/xunicode.sty
File: xunicode.sty 2011/09/09 v0.981 provides access to latin accents and many o
ther characters in Unicode lower plane

(/usr/local/texlive/2014/texmf-dist/tex/latex/tipa/t3enc.def
File: t3enc.def 2001/12/31 T3 encoding
(compiling luc: /usr/local/texlive/2014/texmf-var/luatex-cache/generic/fonts/otf
/lmromanslant10-regular.luc)(load luc: /home/manos/.texlive2014/texmf-var/luatex
-cache/generic/fonts/otf/lmromanslant10-regular.luc)(compiling luc: /usr/local/t
exlive/2014/texmf-var/luatex-cache/generic/fonts/otf/lmroman10-italic.luc)(load 
luc: /home/manos/.texlive2014/texmf-var/luatex-cache/generic/fonts/otf/lmroman10
-italic.luc)(compiling luc: /usr/local/texlive/2014/texmf-var/luatex-cache/gener
ic/fonts/otf/lmroman10-bold.luc)(load luc: /home/manos/.texlive2014/texmf-var/lu
atex-cache/generic/fonts/otf/lmroman10-bold.luc)
LaTeX Font Info:    Try loading font information for EU2+lmss on input line 357.


(/usr/local/texlive/2014/texmf-dist/tex/latex/euenc/eu2lmss.fd
File: eu2lmss.fd 2009/10/30 v1.6 Font defs for Latin Modern
)(compiling luc: /usr/local/texlive/2014/texmf-var/luatex-cache/generic/fonts/ot
f/lmsans10-regular.luc)(load luc: /home/manos/.texlive2014/texmf-var/luatex-cach
e/generic/fonts/otf/lmsans10-regular.luc))
\tipaTiiicode=\count286
\tipasavetokens=\toks14
\tipachecktokens=\toks15

(/usr/local/texlive/2014/texmf-dist/tex/latex/graphics/graphicx.sty
Package: graphicx 2014/10/28 v1.0g Enhanced LaTeX Graphics (DPC,SPQR)

(/usr/local/texlive/2014/texmf-dist/tex/latex/graphics/keyval.sty
Package: keyval 2014/10/28 v1.15 key=value parser (DPC)
\KV@toks@=\toks16
)
(/usr/local/texlive/2014/texmf-dist/tex/latex/graphics/graphics.sty
Package: graphics 2014/10/28 v1.0p Standard LaTeX Graphics (DPC,SPQR)

(/usr/local/texlive/2014/texmf-dist/tex/latex/graphics/trig.sty
Package: trig 1999/03/16 v1.09 sin cos tan (DPC)
)
(/usr/local/texlive/2014/texmf-dist/tex/latex/latexconfig/graphics.cfg
File: graphics.cfg 2010/04/23 v1.9 graphics configuration of TeX Live
)
Package graphics Info: Driver file: pdftex.def on input line 91.

(/usr/local/texlive/2014/texmf-dist/tex/latex/pdftex-def/pdftex.def
File: pdftex.def 2011/05/27 v0.06d Graphics/color for pdfTeX

(/usr/local/texlive/2014/texmf-dist/tex/generic/oberdiek/ltxcmds.sty
Package: ltxcmds 2011/11/09 v1.22 LaTeX kernel commands for general use (HO)
)
(/usr/local/texlive/2014/texmf-dist/tex/generic/oberdiek/pdftexcmds.sty
Package: pdftexcmds 2011/11/29 v0.20 Utility functions of pdfTeX for LuaTeX (HO)


(/usr/local/texlive/2014/texmf-dist/tex/generic/oberdiek/ifpdf.sty
Package: ifpdf 2011/01/30 v2.3 Provides the ifpdf switch (HO)
Package ifpdf Info: pdfTeX in PDF mode is detected.
)
Package pdftexcmds Info: \pdf@primitive is available.
Package pdftexcmds Info: \pdf@ifprimitive is available.
Package pdftexcmds Info: \pdfdraftmode found.

(/usr/local/texlive/2014/texmf-dist/scripts/oberdiek/pdftexcmds.lua)
\pdftexcmds@toks=\toks17
)
\Gread@gobject=\count287
))
\Gin@req@height=\dimen259
\Gin@req@width=\dimen260
))
.................................................
. LaTeX info: "xparse/define-command"
. 
. Defining command \__fontspec_post_arg:w with sig. 'mmO{}' on line 45.
.................................................
.................................................
. LaTeX info: "xparse/define-command"
. 
. Defining command \fontspec with sig. 'om' on line 47.
.................................................
.................................................
. LaTeX info: "xparse/define-command"
. 
. Defining command \setmainfont with sig. 'om' on line 57.
.................................................
.................................................
. LaTeX info: "xparse/define-command"
. 
. Defining command \setsansfont with sig. 'om' on line 67.
.................................................
.................................................
. LaTeX info: "xparse/define-command"
. 
. Defining command \setmonofont with sig. 'om' on line 77.
.................................................
.................................................
. LaTeX info: "xparse/define-command"
. 
. Defining command \setmathrm with sig. 'om' on line 91.
.................................................
.................................................
. LaTeX info: "xparse/define-command"
. 
. Defining command \setboldmathrm with sig. 'om' on line 99.
.................................................
.................................................
. LaTeX info: "xparse/define-command"
. 
. Defining command \setmathsf with sig. 'om' on line 107.
.................................................
.................................................
. LaTeX info: "xparse/define-command"
. 
. Defining command \setmathtt with sig. 'om' on line 115.
.................................................
.................................................
. LaTeX info: "xparse/define-command"
. 
. Defining command \newfontfamily with sig. 'mom' on line 129.
.................................................
.................................................
. LaTeX info: "xparse/define-command"
. 
. Defining command \newfontface with sig. 'mom' on line 144.
.................................................
.................................................
. LaTeX info: "xparse/define-command"
. 
. Defining command \defaultfontfeatures with sig. 't+om' on line 158.
.................................................
.................................................
. LaTeX info: "xparse/define-command"
. 
. Defining command \addfontfeatures with sig. 'm' on line 214.
.................................................
.................................................
. LaTeX info: "xparse/define-command"
. 
. Defining command \newfontfeature with sig. 'mm' on line 225.
.................................................
.................................................
. LaTeX info: "xparse/define-command"
. 
. Defining command \newAATfeature with sig. 'mmmm' on line 233.
.................................................
.................................................
. LaTeX info: "xparse/define-command"
. 
. Defining command \newopentypefeature with sig. 'mmm' on line 241.
.................................................
.................................................
. LaTeX info: "xparse/define-command"
. 
. Defining command \aliasfontfeature with sig. 'mm' on line 265.
.................................................
.................................................
. LaTeX info: "xparse/define-command"
. 
. Defining command \aliasfontfeatureoption with sig. 'mmm' on line 274.
.................................................
.................................................
. LaTeX info: "xparse/define-command"
. 
. Defining command \newfontscript with sig. 'mm' on line 279.
.................................................
.................................................
. LaTeX info: "xparse/define-command"
. 
. Defining command \newfontlanguage with sig. 'mm' on line 305.
.................................................
.................................................
. LaTeX info: "xparse/define-command"
. 
. Defining command \DeclareFontsExtensions with sig. 'm' on line 325.
.................................................
Variant \prop_gput:cnV already defined; not changing it on line 708
Variant \prop_gput:cnx already defined; not changing it on line 709
\l__fontspec_tmp_int=\count288
LaTeX Info: Redefining \itshape on input line 2156.
LaTeX Info: Redefining \slshape on input line 2161.
LaTeX Info: Redefining \scshape on input line 2166.
LaTeX Info: Redefining \upshape on input line 2171.

(/usr/local/texlive/2014/texmf-dist/tex/latex/fontspec/fontspec.cfg)))
(/usr/local/texlive/2014/texmf-dist/tex/xelatex/xgreek/xgreek.sty
File: xgreek.sty 2014/12/27 v2.6 Package `xgreek.sty'

Package `xgreek' version 2.6 by Apostolos Syropoulos
\@attic@num=\count289
)
(/usr/local/texlive/2014/texmf-dist/tex/latex/float/float.sty
Package: float 2001/11/08 v1.3d Float enhancements (AL)
\c@float@type=\count290
\float@exts=\toks18
\float@box=\box256
\@float@everytoks=\toks19
\@floatcapt=\box257
)
(/usr/local/texlive/2014/texmf-dist/tex/latex/xltxtra/xltxtra.sty
Package: xltxtra 2010/09/20 v0.5e Improvements for the "XeLaTeX" format


Package xltxtra Warning: 
 XLTXTRA IS TO BE USED ONLY UNDER XETEX. LOAD FONTSPEC DIRECTLY, INSTEAD.
 ABORTING LOADING.

) (/usr/local/texlive/2014/texmf-dist/tex/latex/algorithms/algorithm.sty
Package: algorithm 2009/08/24 v0.1 Document Style `algorithm' - floating environ
ment

(/usr/local/texlive/2014/texmf-dist/tex/latex/base/ifthen.sty
Package: ifthen 2014/09/29 v1.1c Standard LaTeX ifthen package (DPC)
)
\@float@every@algorithm=\toks20
\c@algorithm=\count291
)
(/usr/local/texlive/2014/texmf-dist/tex/latex/algorithmicx/algpseudocode.sty
Package: algpseudocode 

(/usr/local/texlive/2014/texmf-dist/tex/latex/algorithmicx/algorithmicx.sty
Package: algorithmicx 2005/04/27 v1.2 Algorithmicx

Document Style algorithmicx 1.2 - a greatly improved `algorithmic' style
\c@ALG@line=\count292
\c@ALG@rem=\count293
\c@ALG@nested=\count294
\ALG@tlm=\skip256
\ALG@thistlm=\skip257
\c@ALG@Lnr=\count295
\c@ALG@blocknr=\count296
\c@ALG@storecount=\count297
\c@ALG@tmpcounter=\count298
\ALG@tmplength=\skip258
)
Document Style - pseudocode environments for use with the `algorithmicx' style
) (/usr/local/texlive/2014/texmf-dist/tex/latex/amsmath/amsmath.sty
Package: amsmath 2013/01/14 v2.14 AMS math features
\@mathmargin=\skip259

For additional information on amsmath, use the `?' option.
(/usr/local/texlive/2014/texmf-dist/tex/latex/amsmath/amstext.sty
Package: amstext 2000/06/29 v2.01

(/usr/local/texlive/2014/texmf-dist/tex/latex/amsmath/amsgen.sty
File: amsgen.sty 1999/11/30 v2.0
\@emptytoks=\toks21
\ex@=\dimen261
))
(/usr/local/texlive/2014/texmf-dist/tex/latex/amsmath/amsbsy.sty
Package: amsbsy 1999/11/29 v1.2d
\pmbraise@=\dimen262
)
(/usr/local/texlive/2014/texmf-dist/tex/latex/amsmath/amsopn.sty
Package: amsopn 1999/12/14 v2.01 operator names
)
\inf@bad=\count299
LaTeX Info: Redefining \frac on input line 210.
\uproot@=\count300
\leftroot@=\count301
LaTeX Info: Redefining \overline on input line 306.
\classnum@=\count302
\DOTSCASE@=\count303
LaTeX Info: Redefining \ldots on input line 378.
LaTeX Info: Redefining \dots on input line 381.
LaTeX Info: Redefining \cdots on input line 466.
\Mathstrutbox@=\box258
\strutbox@=\box259
\big@size=\dimen263
LaTeX Font Info:    Redeclaring font encoding OML on input line 566.
LaTeX Font Info:    Redeclaring font encoding OMS on input line 567.
\macc@depth=\count304
\c@MaxMatrixCols=\count305
\dotsspace@=\muskip16
\c@parentequation=\count306
\dspbrk@lvl=\count307
\tag@help=\toks22
\row@=\count308
\column@=\count309
\maxfields@=\count310
\andhelp@=\toks23
\eqnshift@=\dimen264
\alignsep@=\dimen265
\tagshift@=\dimen266
\tagwidth@=\dimen267
\totwidth@=\dimen268
\lineht@=\dimen269
\@envbody=\toks24
\multlinegap=\skip260
\multlinetaggap=\skip261
\mathdisplay@stack=\toks25
LaTeX Info: Redefining \[ on input line 2665.
LaTeX Info: Redefining \] on input line 2666.
)
(/usr/local/texlive/2014/texmf-dist/tex/latex/mathtools/mathtools.sty
Package: mathtools 2014/07/16 v1.15 mathematical typesetting tools

(/usr/local/texlive/2014/texmf-dist/tex/latex/tools/calc.sty
Package: calc 2014/10/28 v4.3 Infix arithmetic (KKT,FJ)
\calc@Acount=\count311
\calc@Bcount=\count312
\calc@Adimen=\dimen270
\calc@Bdimen=\dimen271
\calc@Askip=\skip262
\calc@Bskip=\skip263
LaTeX Info: Redefining \setlength on input line 75.
LaTeX Info: Redefining \addtolength on input line 76.
\calc@Ccount=\count313
\calc@Cskip=\skip264
)
(/usr/local/texlive/2014/texmf-dist/tex/latex/mathtools/mhsetup.sty
Package: mhsetup 2010/01/21 v1.2a programming setup (MH)
)
LaTeX Info: Thecontrolsequence`\['isalreadyrobust on input line 129.
LaTeX Info: Thecontrolsequence`\]'isalreadyrobust on input line 129.
\g_MT_multlinerow_int=\count314
\l_MT_multwidth_dim=\dimen272
\origjot=\skip265
\l_MT_shortvdotswithinadjustabove_dim=\dimen273
\l_MT_shortvdotswithinadjustbelow_dim=\dimen274
\l_MT_above_intertext_sep=\dimen275
\l_MT_below_intertext_sep=\dimen276
\l_MT_above_shortintertext_sep=\dimen277
\l_MT_below_shortintertext_sep=\dimen278
)
(/usr/local/texlive/2014/texmf-dist/tex/latex/unicode-math/unicode-math.sty
Package: unicode-math 2014/06/30 v0.7f Unicode maths in XeLaTeX and LuaLaTeX

(/usr/local/texlive/2014/texmf-dist/tex/generic/ifxetex/ifxetex.sty
Package: ifxetex 2010/09/12 v0.6 Provides ifxetex conditional
)
(/usr/local/texlive/2014/texmf-dist/tex/latex/l3packages/l3keys2e/l3keys2e.sty
Package: l3keys2e 2014/11/25 v5471 LaTeX2e option processing using LaTeX3 keys
)
(/usr/local/texlive/2014/texmf-dist/tex/generic/oberdiek/catchfile.sty
Package: catchfile 2011/03/01 v1.6 Catch the contents of a file (HO)

(/usr/local/texlive/2014/texmf-dist/tex/generic/oberdiek/etexcmds.sty
Package: etexcmds 2011/02/16 v1.5 Avoid name clashes with e-TeX commands (HO)
))
(/usr/local/texlive/2014/texmf-dist/tex/latex/base/fix-cm.sty
Package: fix-cm 2014/09/29 v1.1s fixes to LaTeX

(/usr/local/texlive/2014/texmf-dist/tex/latex/base/ts1enc.def
File: ts1enc.def 2001/06/05 v3.0e (jk/car/fm) Standard LaTeX file
))
(/usr/local/texlive/2014/texmf-dist/tex/latex/filehook/filehook.sty
Package: filehook 2011/10/12 v0.5d Hooks for input files
)
Variant \tl_put_right:cx already defined; not changing it on line 67
Variant \seq_if_in:NVTF already defined; not changing it on line 68
\g_um_fam_int=\count315
.................................................
. LaTeX info: "xparse/define-command"
. 
. Defining command \unimathsetup with sig. 'm' on line 156.
.................................................

(/usr/local/texlive/2014/texmf-dist/tex/latex/unicode-math/unicode-math-luatex.
sty
(/usr/local/texlive/2014/texmf-dist/tex/lualatex/lualatex-math/lualatex-math.st
y
Package: lualatex-math 2014/08/18 v1.4 Patches for mathematics typesetting with 
LuaLaTeX
 (/usr/local/texlive/2014/texmf-dist/tex/latex/etoolbox/etoolbox.sty
Package: etoolbox 2015/03/19 v2.1d e-TeX tools for LaTeX (JAW)
\etb@tempcnta=\count316
)
(/usr/local/texlive/2014/texmf-dist/tex/lualatex/lualatex-math/lualatex-math.lua
)
Lua module: lualatex-math 2013/08/03 1.3 Patches for mathematics typesetting wit
h LuaLaTeX
.................................................
. lualatex-math info: "patch-macro"
. 
. I'm going to patch macro \new@mathgroup.
.................................................
.................................................
. lualatex-math info: "patch-macro"
. 
. I'm going to patch macro \resetMathstrut@.
.................................................
.................................................
. lualatex-math info: "patch-macro"
. 
. I'm going to patch macro \subarray.
.................................................
.................................................
. lualatex-math info: "patch-macro"
. 
. I'm going to patch macro \frac .
.................................................
.................................................
. lualatex-math info: "patch-macro"
. 
. I'm going to patch macro \@genfrac.
.................................................
.................................................
. lualatex-math info: "patch-macro"
. 
. I'm going to patch macro \newmcodes@.
.................................................
.................................................
. lualatex-math info: "patch-macro"
. 
. I'm going to patch macro \MT_cramped_internal:Nn.
.................................................
)
.................................................
. LaTeX info: "xparse/define-command"
. 
. Defining command \setmathfont with sig. 'O{}m' on line 384.
.................................................
.................................................
. LaTeX info: "xparse/define-command"
. 
. Defining command \addnolimits with sig. 'm' on line 628.
.................................................
.................................................
. LaTeX info: "xparse/define-command"
. 
. Defining command \removenolimits with sig. 'm' on line 632.
.................................................

(/usr/local/texlive/2014/texmf-dist/tex/latex/unicode-math/unicode-math-table.t
ex)
\g_um_primekern_muskip=\muskip17
\l_um_primecount_int=\count317
.................................................
. unicode-math info: "patch-macro"
. 
. I'm going to patch macro \plainroot@.
.................................................
.................................................
. unicode-math info: "patch-macro"
. 
. I'm going to patch macro \r@@t.
.................................................

*************************************************
* unicode-math warning: "mathtools-colon"
* 
* I'm going to overwrite the following commands from the `mathtools' package:
* 
*     \dblcolon, \coloneqq, \Coloneqq, \eqqcolon.
* 
* Note that since I won't overwrite the other colon-like commands, using them
* will lead to inconsistencies.
*************************************************
.................................................
. LaTeX info: "xparse/define-command"
. 
. Defining command \dblcolon with sig. '' on line 2943.
.................................................
.................................................
. LaTeX info: "xparse/define-command"
. 
. Defining command \coloneqq with sig. '' on line 2943.
.................................................
.................................................
. LaTeX info: "xparse/define-command"
. 
. Defining command \Coloneqq with sig. '' on line 2943.
.................................................
.................................................
. LaTeX info: "xparse/define-command"
. 
. Defining command \eqqcolon with sig. '' on line 2943.
.................................................
)) (/usr/local/texlive/2014/texmf-dist/tex/latex/caption/caption.sty
Package: caption 2013/05/02 v3.3-89 Customizing captions (AR)

(/usr/local/texlive/2014/texmf-dist/tex/latex/caption/caption3.sty
Package: caption3 2013/05/02 v1.6-88 caption3 kernel (AR)
Package caption3 Info: TeX engine: e-TeX on input line 57.
\captionmargin=\dimen279
\captionmargin@=\dimen280
\captionwidth=\dimen281
\caption@tempdima=\dimen282
\caption@indent=\dimen283
\caption@parindent=\dimen284
\caption@hangindent=\dimen285
)
\c@ContinuedFloat=\count318
Package caption Info: float package is loaded.
)
(/usr/local/texlive/2014/texmf-dist/tex/latex/caption/subcaption.sty
Package: subcaption 2013/02/03 v1.1-62 Sub-captions (AR)
\c@subfigure=\count319
\c@subtable=\count320
)
(/usr/local/texlive/2014/texmf-dist/tex/latex/soul/soul.sty
Package: soul 2003/11/17 v2.4 letterspacing/underlining (mf)
\SOUL@word=\toks26
\SOUL@lasttoken=\toks27
\SOUL@cmds=\toks28
\SOUL@buffer=\toks29
\SOUL@token=\toks30
\SOUL@spaceskip=\skip266
\SOUL@ttwidth=\dimen286
\SOUL@uldp=\dimen287
\SOUL@ulht=\dimen288
)
(/usr/local/texlive/2014/texmf-dist/tex/latex/hyperref/hyperref.sty
Package: hyperref 2012/11/06 v6.83m Hypertext links for LaTeX

(/usr/local/texlive/2014/texmf-dist/tex/generic/oberdiek/hobsub-hyperref.sty
Package: hobsub-hyperref 2012/05/28 v1.13 Bundle oberdiek, subset hyperref (HO)

(/usr/local/texlive/2014/texmf-dist/tex/generic/oberdiek/hobsub-generic.sty
Package: hobsub-generic 2012/05/28 v1.13 Bundle oberdiek, subset generic (HO)
Package: hobsub 2012/05/28 v1.13 Construct package bundles (HO)
Package hobsub Info: Skipping package `infwarerr' (already loaded).
Package hobsub Info: Skipping package `ltxcmds' (already loaded).
Package hobsub Info: Skipping package `ifluatex' (already loaded).
Package: ifvtex 2010/03/01 v1.5 Detect VTeX and its facilities (HO)
Package ifvtex Info: VTeX not detected.
Package: intcalc 2007/09/27 v1.1 Expandable calculations with integers (HO)
Package hobsub Info: Skipping package `ifpdf' (already loaded).
Package hobsub Info: Skipping package `etexcmds' (already loaded).
Package: kvsetkeys 2012/04/25 v1.16 Key value parser (HO)
Package: kvdefinekeys 2011/04/07 v1.3 Define keys (HO)
Package hobsub Info: Skipping package `luatex-loader' (already loaded).
Package hobsub Info: Skipping package `pdftexcmds' (already loaded).
Package: pdfescape 2011/11/25 v1.13 Implements pdfTeX's escape features (HO)
Package: bigintcalc 2012/04/08 v1.3 Expandable calculations on big integers (HO)

Package: bitset 2011/01/30 v1.1 Handle bit-vector datatype (HO)
Package: uniquecounter 2011/01/30 v1.2 Provide unlimited unique counter (HO)
)
Package hobsub Info: Skipping package `hobsub' (already loaded).
Package: letltxmacro 2010/09/02 v1.4 Let assignment for LaTeX macros (HO)
Package: hopatch 2012/05/28 v1.2 Wrapper for package hooks (HO)
Package: xcolor-patch 2011/01/30 xcolor patch
Package: atveryend 2011/06/30 v1.8 Hooks at the very end of document (HO)
Package: atbegshi 2011/10/05 v1.16 At begin shipout hook (HO)
Package: refcount 2011/10/16 v3.4 Data extraction from label references (HO)
Package: hycolor 2011/01/30 v1.7 Color options for hyperref/bookmark (HO)
)
(/usr/local/texlive/2014/texmf-dist/tex/latex/oberdiek/auxhook.sty
Package: auxhook 2011/03/04 v1.3 Hooks for auxiliary files (HO)
)
(/usr/local/texlive/2014/texmf-dist/tex/latex/oberdiek/kvoptions.sty
Package: kvoptions 2011/06/30 v3.11 Key value format for package options (HO)
)
\@linkdim=\dimen289
\Hy@linkcounter=\count321
\Hy@pagecounter=\count322

(/usr/local/texlive/2014/texmf-dist/tex/latex/hyperref/pd1enc.def
File: pd1enc.def 2012/11/06 v6.83m Hyperref: PDFDocEncoding definition (HO)
)
\Hy@SavedSpaceFactor=\count323

(/usr/local/texlive/2014/texmf-dist/tex/latex/latexconfig/hyperref.cfg
File: hyperref.cfg 2002/06/06 v1.2 hyperref configuration of TeXLive
)
Package hyperref Info: Option `colorlinks' set `true' on input line 4319.
Package hyperref Info: Hyper figures OFF on input line 4443.
Package hyperref Info: Link nesting OFF on input line 4448.
Package hyperref Info: Hyper index ON on input line 4451.
Package hyperref Info: Plain pages OFF on input line 4458.
Package hyperref Info: Backreferencing OFF on input line 4463.
Package hyperref Info: Implicit mode ON; LaTeX internals redefined.
Package hyperref Info: Bookmarks ON on input line 4688.
\c@Hy@tempcnt=\count324

(/usr/local/texlive/2014/texmf-dist/tex/latex/url/url.sty
\Urlmuskip=\muskip18
Package: url 2013/09/16  ver 3.4  Verb mode for urls, etc.
)
LaTeX Info: Redefining \url on input line 5041.
\XeTeXLinkMargin=\dimen290
\Fld@menulength=\count325
\Field@Width=\dimen291
\Fld@charsize=\dimen292
Package hyperref Info: Hyper figures OFF on input line 6295.
Package hyperref Info: Link nesting OFF on input line 6300.
Package hyperref Info: Hyper index ON on input line 6303.
Package hyperref Info: backreferencing OFF on input line 6310.
Package hyperref Info: Link coloring ON on input line 6313.
Package hyperref Info: Link coloring with OCG OFF on input line 6320.
Package hyperref Info: PDF/A mode OFF on input line 6325.
LaTeX Info: Redefining \ref on input line 6365.
LaTeX Info: Redefining \pageref on input line 6369.
\Hy@abspage=\count326
\c@Item=\count327
\c@Hfootnote=\count328
)

Package hyperref Message: Driver (autodetected): hpdftex.

(/usr/local/texlive/2014/texmf-dist/tex/latex/hyperref/hpdftex.def
File: hpdftex.def 2012/11/06 v6.83m Hyperref driver for pdfTeX
\Fld@listcount=\count329
\c@bookmark@seq@number=\count330

(/usr/local/texlive/2014/texmf-dist/tex/latex/oberdiek/rerunfilecheck.sty
Package: rerunfilecheck 2011/04/15 v1.7 Rerun checks for auxiliary files (HO)
Package uniquecounter Info: New unique counter `rerunfilecheck' on input line 28
2.
)
\Hy@SectionHShift=\skip267
)
\g__file_internal_ior=\read1
luaotfload | cache : Lookup cache loaded from /home/manos/.texlive2014/texmf-var
/luatex-cache/generic/names/luaotfload-lookup-cache.luc.
luaotfload | load : Lookup/name: "CMU Serif" -> "cmunrm.otf"(compiling luc: /usr
/local/texlive/2014/texmf-var/luatex-cache/generic/fonts/otf/cmunrm.luc)(load lu
c: /home/manos/.texlive2014/texmf-var/luatex-cache/generic/fonts/otf/cmunrm.luc)
luaotfload | load : Lookup/name: "CMU Serif" -> "cmunrm.otf"
\g__fontspec_family_CMUSerif_int=\count331
luaotfload | load : Lookup/name: "CMU Serif" -> "cmunrm.otf"
luaotfload | load : Lookup/name: "CMU Serif" -> "cmunbi.otf"(compiling luc: /usr
/local/texlive/2014/texmf-var/luatex-cache/generic/fonts/otf/cmunbi.luc)(load lu
c: /home/manos/.texlive2014/texmf-var/luatex-cache/generic/fonts/otf/cmunbi.luc)
luaotfload | load : Lookup/name: "CMU Serif" -> "cmunrm.otf"
luaotfload | load : Lookup/name: "CMU Serif" -> "cmunbx.otf"(compiling luc: /usr
/local/texlive/2014/texmf-var/luatex-cache/generic/fonts/otf/cmunbx.luc)(load lu
c: /home/manos/.texlive2014/texmf-var/luatex-cache/generic/fonts/otf/cmunbx.luc)
luaotfload | load : Lookup/name: "CMU Serif" -> "cmunrm.otf"
luaotfload | load : Lookup/name: "CMU Serif" -> "cmunti.otf"(compiling luc: /usr
/local/texlive/2014/texmf-var/luatex-cache/generic/fonts/otf/cmunti.luc)(load lu
c: /home/manos/.texlive2014/texmf-var/luatex-cache/generic/fonts/otf/cmunti.luc)
luaotfload | load : Lookup/name: "CMUSerif" -> "cmunrm.otf"
luaotfload | load : Lookup/name: "CMUSerif" -> "cmunrm.otf"(compiling luc: /usr/
local/texlive/2014/texmf-var/luatex-cache/generic/fonts/otf/lmroman12-regular.lu
c)(load luc: /home/manos/.texlive2014/texmf-var/luatex-cache/generic/fonts/otf/l
mroman12-regular.luc)
luaotfload | load : Lookup/name: "CMUSerif" -> "cmunbx.otf"
luaotfload | load : Lookup/name: "CMUSerif" -> "cmunbx.otf"
luaotfload | load : Lookup/name: "CMUSerif" -> "cmunti.otf"
luaotfload | load : Lookup/name: "CMUSerif" -> "cmunti.otf"
luaotfload | aux : font no 25 (CMUSerif-Italic) does not define feature smcp for
 script latn with language dflt
luaotfload | aux : no font with id 25
luaotfload | load : Lookup/name: "CMUSerif" -> "cmunbi.otf"
luaotfload | load : Lookup/name: "CMUSerif" -> "cmunbi.otf"
luaotfload | aux : font no 23 (CMUSerif-BoldItalic) does not define feature smcp
 for script latn with language dflt
luaotfload | aux : no font with id 23
.................................................
. fontspec info: "defining-font"
. 
. Font family 'CMUSerif(0)' created for font 'CMU Serif' with options
. [Ligatures=TeX].
. 
. This font family consists of the following shapes:
. 
. * 'normal' with NFSS spec.:
. <->"CMUSerif:mode=node;script=latn;language=DFLT;+tlig;+trep;"
. 
. * 'small caps' with NFSS spec.:
. <->"CMUSerif:mode=node;script=latn;language=DFLT;+tlig;+trep;+smcp;"
. and font adjustment code:
. 
. 
. * 'bold' with NFSS spec.:
. <->"CMUSerif/B:mode=node;script=latn;language=DFLT;+tlig;+trep;"
. 
. * 'bold small caps' with NFSS spec.:
. <->"CMUSerif/B:mode=node;script=latn;language=DFLT;+tlig;+trep;+smcp;"
. and font adjustment code:
. 
. 
. * 'italic' with NFSS spec.:
. <->"CMUSerif/I:mode=node;script=latn;language=DFLT;+tlig;+trep;"
. 
. * 'small caps' with NFSS spec.:
. 
. and font adjustment code:
. 
. 
. * 'bold italic' with NFSS spec.:
. <->"CMUSerif/BI:mode=node;script=latn;language=DFLT;+tlig;+trep;"
. 
. * 'bold small caps' with NFSS spec.:
. 
. and font adjustment code:
. 
.................................................
luaotfload | load : Lookup/name: "CMUSerif" -> "cmunrm.otf" (./documentation.au
x)
LaTeX Font Info:    Checking defaults for OML/cmm/m/it on input line 29.
LaTeX Font Info:    ... okay on input line 29.
LaTeX Font Info:    Checking defaults for T1/cmr/m/n on input line 29.
LaTeX Font Info:    ... okay on input line 29.
LaTeX Font Info:    Checking defaults for OT1/cmr/m/n on input line 29.
LaTeX Font Info:    ... okay on input line 29.
LaTeX Font Info:    Checking defaults for OMS/cmsy/m/n on input line 29.
LaTeX Font Info:    ... okay on input line 29.
LaTeX Font Info:    Checking defaults for OMX/cmex/m/n on input line 29.
LaTeX Font Info:    ... okay on input line 29.
LaTeX Font Info:    Checking defaults for U/cmr/m/n on input line 29.
LaTeX Font Info:    ... okay on input line 29.
LaTeX Font Info:    Checking defaults for EU2/lmr/m/n on input line 29.
LaTeX Font Info:    ... okay on input line 29.
LaTeX Font Info:    Checking defaults for T3/cmr/m/n on input line 29.
LaTeX Font Info:    Try loading font information for T3+cmr on input line 29.

(/usr/local/texlive/2014/texmf-dist/tex/latex/tipa/t3cmr.fd
File: t3cmr.fd 2001/12/31 TIPA font definitions
)
LaTeX Font Info:    ... okay on input line 29.
LaTeX Font Info:    Checking defaults for TS1/cmr/m/n on input line 29.
LaTeX Font Info:    ... okay on input line 29.
LaTeX Font Info:    Checking defaults for PD1/pdf/m/n on input line 29.
LaTeX Font Info:    ... okay on input line 29.
luaotfload | load : Lookup/name: "CMUSerif" -> "cmunrm.otf"
(/usr/local/texlive/2014/texmf-dist/tex/context/base/supp-pdf.mkii
[Loading MPS to PDF converter (version 2006.09.02).]
\scratchcounter=\count332
\scratchdimen=\dimen293
\scratchbox=\box260
\nofMPsegments=\count333
\nofMParguments=\count334
\everyMPshowfont=\toks31
\MPscratchCnt=\count335
\MPscratchDim=\dimen294
\MPnumerator=\count336
\makeMPintoPDFobject=\count337
\everyMPtoPDFconversion=\toks32
) (/usr/local/texlive/2014/texmf-dist/tex/latex/oberdiek/epstopdf-base.sty
Package: epstopdf-base 2010/02/09 v2.5 Base part for package epstopdf

(/usr/local/texlive/2014/texmf-dist/tex/latex/oberdiek/grfext.sty
Package: grfext 2010/08/19 v1.1 Manage graphics extensions (HO)
)
Package grfext Info: Graphics extension search list:
(grfext)             [.png,.pdf,.jpg,.mps,.jpeg,.jbig2,.jb2,.PNG,.PDF,.JPG,.JPEG
,.JBIG2,.JB2,.eps]
(grfext)             \AppendGraphicsExtensions on input line 452.

(/usr/local/texlive/2014/texmf-dist/tex/latex/latexconfig/epstopdf-sys.cfg
File: epstopdf-sys.cfg 2010/07/13 v1.3 Configuration of (r)epstopdf for TeX Live

))
luaotfload | load : path lookup of "latinmodern-math.otf" unsuccessful, falling 
back to file:(compiling luc: /usr/local/texlive/2014/texmf-var/luatex-cache/gene
ric/fonts/otf/latinmodern-math.luc)(load luc: /home/manos/.texlive2014/texmf-var
/luatex-cache/generic/fonts/otf/latinmodern-math.luc)
luaotfload | load : path lookup of "latinmodern-math.otf" unsuccessful, falling 
back to file:
\g__fontspec_family_latinmodern-math.otf_int=\count338
luaotfload | load : path lookup of "latinmodern-math" unsuccessful, falling back
 to file:
luaotfload | load : path lookup of "latinmodern-math" unsuccessful, falling back
 to file:
luaotfload | aux : font no 30 (LatinModernMath-Regular) does not define feature 
smcp for script math with language dflt
luaotfload | aux : no font with id 30
luaotfload | load : path lookup of "latinmodern-math" unsuccessful, falling back
 to file:
luaotfload | load : path lookup of "latinmodern-math" unsuccessful, falling back
 to file:
luaotfload | load : path lookup of "latinmodern-math" unsuccessful, falling back
 to file:
luaotfload | load : path lookup of "latinmodern-math" unsuccessful, falling back
 to file:
luaotfload | aux : font no 30 (LatinModernMath-Regular) does not define feature 
smcp for script math with language dflt
luaotfload | aux : no font with id 30
.................................................
. fontspec info: "defining-font"
. 
. Font family 'latinmodern-math.otf(0)' created for font
. 'latinmodern-math.otf' with options
. [Renderer=Basic,BoldItalicFont={},ItalicFont={},Script=Math,SizeFeatures={{Siz
e=12-},{Size=8-12,Font=latinmodern-math.otf,Style=MathScript},{Size=-8,Font=lati
nmodern-math.otf,Style=MathScriptScript}},BoldFont={latinmodern-math.otf}].
. 
. This font family consists of the following shapes:
. 
. * 'normal' with NFSS spec.:
. 
. <12->"[latinmodern-math]:mode=base;script=math;language=DFLT;"<8-12>"[latinmod
ern-math]:mode=base;script=math;language=DFLT;+ssty=0;"<-8>"[latinmodern-math]:m
ode=base;script=math;language=DFLT;+ssty=1;"
. 
. * 'small caps' with NFSS spec.:
. 
. and font adjustment code:
. 
. 
. * 'bold' with NFSS spec.:
. <->"[latinmodern-math]:mode=base;script=math;language=DFLT;"
. 
. * 'bold small caps' with NFSS spec.:
. 
. and font adjustment code:
. 
.................................................
luaotfload | load : path lookup of "latinmodern-math" unsuccessful, falling back
 to file:
luaotfload | load : path lookup of "latinmodern-math.otf" unsuccessful, falling 
back to file:
LaTeX Font Info:    Encoding `OT1' has changed to `EU2' for symbol font
(Font)              `operators' in the math version `normal' on input line 29.
LaTeX Font Info:    Overwriting symbol font `operators' in version `normal'
(Font)                  OT1/cmr/m/n --> EU2/latinmodern-math.otf(0)/m/n on input
 line 29.
LaTeX Font Info:    Encoding `OT1' has changed to `EU2' for symbol font
(Font)              `operators' in the math version `bold' on input line 29.
LaTeX Font Info:    Overwriting symbol font `operators' in version `bold'
(Font)                  OT1/cmr/bx/n --> EU2/latinmodern-math.otf(0)/bx/n on inp
ut line 29.
luaotfload | load : path lookup of "latinmodern-math.otf" unsuccessful, falling 
back to file:
luaotfload | load : path lookup of "latinmodern-math.otf" unsuccessful, falling 
back to file:
luaotfload | load : path lookup of "latinmodern-math" unsuccessful, falling back
 to file:
luaotfload | load : path lookup of "latinmodern-math" unsuccessful, falling back
 to file:
luaotfload | aux : font no 30 (LatinModernMath-Regular) does not define feature 
smcp for script math with language dflt
luaotfload | aux : no font with id 30
luaotfload | load : path lookup of "latinmodern-math" unsuccessful, falling back
 to file:
luaotfload | load : path lookup of "latinmodern-math" unsuccessful, falling back
 to file:
luaotfload | load : path lookup of "latinmodern-math" unsuccessful, falling back
 to file:
luaotfload | load : path lookup of "latinmodern-math" unsuccessful, falling back
 to file:
luaotfload | aux : font no 30 (LatinModernMath-Regular) does not define feature 
smcp for script math with language dflt
luaotfload | aux : no font with id 30
.................................................
. fontspec info: "defining-font"
. 
. Font family 'latinmodern-math.otf(1)' created for font
. 'latinmodern-math.otf' with options
. [Renderer=Basic,BoldItalicFont={},ItalicFont={},Script=Math,SizeFeatures={{Siz
e=12-},{Size=8-12,Font=latinmodern-math.otf,Style=MathScript},{Size=-8,Font=lati
nmodern-math.otf,Style=MathScriptScript}},BoldFont={latinmodern-math.otf},Scale=
1.00001,FontAdjustment={\fontdimen
. 8\font =532414.464sp\relax \fontdimen 9\font =309854.208sp\relax \fontdimen
. 10\font =349175.808sp\relax \fontdimen 11\font =539492.352sp\relax
. \fontdimen 12\font =271319.04sp\relax \fontdimen 13\font =285474.816sp\relax
. \fontdimen 14\font =285474.816sp\relax \fontdimen 15\font
. =227278.848sp\relax \fontdimen 16\font =194248.704sp\relax \fontdimen
. 17\font =0sp\relax \fontdimen 18\font =196608sp\relax \fontdimen 19\font
. =157286.4sp\relax \fontdimen 20\font =0pt\relax \fontdimen 21\font
. =0pt\relax \fontdimen 22\font =196608sp\relax }].
. 
. This font family consists of the following shapes:
. 
. * 'normal' with NFSS spec.:
. 
. <12->s*[1.00001]"[latinmodern-math]:mode=base;script=math;language=DFLT;"<8-12
>s*[1.00001]"[latinmodern-math]:mode=base;script=math;language=DFLT;+ssty=0;"<-8
>s*[1.00001]"[latinmodern-math]:mode=base;script=math;language=DFLT;+ssty=1;"
. 
. * 'small caps' with NFSS spec.:
. 
. and font adjustment code:
. \fontdimen 8\font =532414.464sp\relax \fontdimen 9\font =309854.208sp\relax
. \fontdimen 10\font =349175.808sp\relax \fontdimen 11\font
. =539492.352sp\relax \fontdimen 12\font =271319.04sp\relax \fontdimen 13\font
. =285474.816sp\relax \fontdimen 14\font =285474.816sp\relax \fontdimen
. 15\font =227278.848sp\relax \fontdimen 16\font =194248.704sp\relax
. \fontdimen 17\font =0sp\relax \fontdimen 18\font =196608sp\relax \fontdimen
. 19\font =157286.4sp\relax \fontdimen 20\font =0pt\relax \fontdimen 21\font
. =0pt\relax \fontdimen 22\font =196608sp\relax 
. 
. * 'bold' with NFSS spec.:
. <->s*[1.00001]"[latinmodern-math]:mode=base;script=math;language=DFLT;"
. 
. * 'bold small caps' with NFSS spec.:
. 
. and font adjustment code:
. \fontdimen 8\font =532414.464sp\relax \fontdimen 9\font =309854.208sp\relax
. \fontdimen 10\font =349175.808sp\relax \fontdimen 11\font
. =539492.352sp\relax \fontdimen 12\font =271319.04sp\relax \fontdimen 13\font
. =285474.816sp\relax \fontdimen 14\font =285474.816sp\relax \fontdimen
. 15\font =227278.848sp\relax \fontdimen 16\font =194248.704sp\relax
. \fontdimen 17\font =0sp\relax \fontdimen 18\font =196608sp\relax \fontdimen
. 19\font =157286.4sp\relax \fontdimen 20\font =0pt\relax \fontdimen 21\font
. =0pt\relax \fontdimen 22\font =196608sp\relax 
.................................................
LaTeX Font Info:    Encoding `OMS' has changed to `EU2' for symbol font
(Font)              `symbols' in the math version `normal' on input line 29.
LaTeX Font Info:    Overwriting symbol font `symbols' in version `normal'
(Font)                  OMS/cmsy/m/n --> EU2/latinmodern-math.otf(1)/m/n on inpu
t line 29.
LaTeX Font Info:    Encoding `OMS' has changed to `EU2' for symbol font
(Font)              `symbols' in the math version `bold' on input line 29.
LaTeX Font Info:    Overwriting symbol font `symbols' in version `bold'
(Font)                  OMS/cmsy/b/n --> EU2/latinmodern-math.otf(1)/bx/n on inp
ut line 29.
luaotfload | load : path lookup of "latinmodern-math.otf" unsuccessful, falling 
back to file:
luaotfload | load : path lookup of "latinmodern-math.otf" unsuccessful, falling 
back to file:
luaotfload | load : path lookup of "latinmodern-math" unsuccessful, falling back
 to file:
luaotfload | load : path lookup of "latinmodern-math" unsuccessful, falling back
 to file:
luaotfload | aux : font no 30 (LatinModernMath-Regular) does not define feature 
smcp for script math with language dflt
luaotfload | aux : no font with id 30
luaotfload | load : path lookup of "latinmodern-math" unsuccessful, falling back
 to file:
luaotfload | load : path lookup of "latinmodern-math" unsuccessful, falling back
 to file:
luaotfload | load : path lookup of "latinmodern-math" unsuccessful, falling back
 to file:
luaotfload | load : path lookup of "latinmodern-math" unsuccessful, falling back
 to file:
luaotfload | aux : font no 30 (LatinModernMath-Regular) does not define feature 
smcp for script math with language dflt
luaotfload | aux : no font with id 30
.................................................
. fontspec info: "defining-font"
. 
. Font family 'latinmodern-math.otf(2)' created for font
. 'latinmodern-math.otf' with options
. [Renderer=Basic,BoldItalicFont={},ItalicFont={},Script=Math,SizeFeatures={{Siz
e=12-},{Size=8-12,Font=latinmodern-math.otf,Style=MathScript},{Size=-8,Font=lati
nmodern-math.otf,Style=MathScriptScript}},BoldFont={latinmodern-math.otf},Scale=
0.99999,FontAdjustment={\fontdimen
. 8\font =31457.28sp\relax \fontdimen 9\font =157286.4sp\relax \fontdimen
. 10\font =131334.144sp\relax \fontdimen 11\font =87293.952sp\relax \fontdimen
. 12\font =471859.2sp\relax \fontdimen 13\font =0pt\relax }].
. 
. This font family consists of the following shapes:
. 
. * 'normal' with NFSS spec.:
. 
. <12->s*[0.99999]"[latinmodern-math]:mode=base;script=math;language=DFLT;"<8-12
>s*[0.99999]"[latinmodern-math]:mode=base;script=math;language=DFLT;+ssty=0;"<-8
>s*[0.99999]"[latinmodern-math]:mode=base;script=math;language=DFLT;+ssty=1;"
. 
. * 'small caps' with NFSS spec.:
. 
. and font adjustment code:
. \fontdimen 8\font =31457.28sp\relax \fontdimen 9\font =157286.4sp\relax
. \fontdimen 10\font =131334.144sp\relax \fontdimen 11\font =87293.952sp\relax
. \fontdimen 12\font =471859.2sp\relax \fontdimen 13\font =0pt\relax 
. 
. * 'bold' with NFSS spec.:
. <->s*[0.99999]"[latinmodern-math]:mode=base;script=math;language=DFLT;"
. 
. * 'bold small caps' with NFSS spec.:
. 
. and font adjustment code:
. \fontdimen 8\font =31457.28sp\relax \fontdimen 9\font =157286.4sp\relax
. \fontdimen 10\font =131334.144sp\relax \fontdimen 11\font =87293.952sp\relax
. \fontdimen 12\font =471859.2sp\relax \fontdimen 13\font =0pt\relax 
.................................................
LaTeX Font Info:    Encoding `OMX' has changed to `EU2' for symbol font
(Font)              `largesymbols' in the math version `normal' on input line 29
.
LaTeX Font Info:    Overwriting symbol font `largesymbols' in version `normal'
(Font)                  OMX/cmex/m/n --> EU2/latinmodern-math.otf(2)/m/n on inpu
t line 29.
LaTeX Font Info:    Encoding `OMX' has changed to `EU2' for symbol font
(Font)              `largesymbols' in the math version `bold' on input line 29.
LaTeX Font Info:    Overwriting symbol font `largesymbols' in version `bold'
(Font)                  OMX/cmex/m/n --> EU2/latinmodern-math.otf(2)/bx/n on inp
ut line 29.

*************************************************
* unicode-math warning: "mathtools-overbracket"
* 
* Using \overbracket and \underbracket from `mathtools' package.
* 
* Use \Uoverbracket and \Uunderbracket for original `unicode-math' definition.
*************************************************
Package caption Info: Begin \AtBeginDocument code.
Package caption Info: hyperref package is loaded.
Package caption Info: End \AtBeginDocument code.
\AtBeginShipoutBox=\box261
(/usr/local/texlive/2014/texmf-dist/tex/latex/graphics/color.sty
Package: color 2014/10/28 v1.1a Standard LaTeX Color (DPC)
LaTeX Info: Redefining \color on input line 76.

(/usr/local/texlive/2014/texmf-dist/tex/latex/latexconfig/color.cfg
File: color.cfg 2007/01/18 v1.5 color configuration of teTeX/TeXLive
)
Package color Info: Driver file: pdftex.def on input line 137.
)
Package hyperref Info: Link coloring ON on input line 29.

(/usr/local/texlive/2014/texmf-dist/tex/latex/hyperref/nameref.sty
Package: nameref 2012/10/27 v2.43 Cross-referencing by name of section

(/usr/local/texlive/2014/texmf-dist/tex/generic/oberdiek/gettitlestring.sty
Package: gettitlestring 2010/12/03 v1.4 Cleanup title references (HO)
)
\c@section@level=\count339
)
LaTeX Info: Redefining \ref on input line 29.
LaTeX Info: Redefining \pageref on input line 29.
LaTeX Info: Redefining \nameref on input line 29.

(./documentation.out) (./documentation.out)
\@outlinefile=\write3
luaotfload | load : Lookup/name: "CMUSerif" -> "cmunrm.otf"
luaotfload | load : Lookup/name: "CMUSerif" -> "cmunrm.otf"
luaotfload | load : path lookup of "latinmodern-math" unsuccessful, falling back
 to file:
luaotfload | load : path lookup of "latinmodern-math" unsuccessful, falling back
 to file:
luaotfload | load : path lookup of "latinmodern-math" unsuccessful, falling back
 to file:
LaTeX Font Info:    Font shape `EU2/latinmodern-math.otf(1)/m/n' will be
(Font)              scaled to size 14.4002pt on input line 32.
luaotfload | load : path lookup of "latinmodern-math" unsuccessful, falling back
 to file:
LaTeX Font Info:    Font shape `EU2/latinmodern-math.otf(1)/m/n' will be
(Font)              scaled to size 10.00015pt on input line 32.
luaotfload | load : path lookup of "latinmodern-math" unsuccessful, falling back
 to file:
LaTeX Font Info:    Font shape `EU2/latinmodern-math.otf(1)/m/n' will be
(Font)              scaled to size 7.0001pt on input line 32.
luaotfload | load : path lookup of "latinmodern-math" unsuccessful, falling back
 to file:
LaTeX Font Info:    Font shape `EU2/latinmodern-math.otf(2)/m/n' will be
(Font)              scaled to size 14.39977pt on input line 32.
luaotfload | load : path lookup of "latinmodern-math" unsuccessful, falling back
 to file:
LaTeX Font Info:    Font shape `EU2/latinmodern-math.otf(2)/m/n' will be
(Font)              scaled to size 9.99985pt on input line 32.
luaotfload | load : path lookup of "latinmodern-math" unsuccessful, falling back
 to file:
LaTeX Font Info:    Font shape `EU2/latinmodern-math.otf(2)/m/n' will be
(Font)              scaled to size 6.9999pt on input line 32.
luaotfload | load : path lookup of "latinmodern-math" unsuccessful, falling back
 to file:
LaTeX Font Info:    Try loading font information for EU2+lmtt on input line 32.

(/usr/local/texlive/2014/texmf-dist/tex/latex/euenc/eu2lmtt.fd
File: eu2lmtt.fd 2009/10/30 v1.6 Font defs for Latin Modern
)(compiling luc: /usr/local/texlive/2014/texmf-var/luatex-cache/generic/fonts/ot
f/lmmono12-regular.luc)(load luc: /home/manos/.texlive2014/texmf-var/luatex-cach
e/generic/fonts/otf/lmmono12-regular.luc)
luaotfload | load : Lookup/name: "CMUSerif" -> "cmunrm.otf"
luaotfload | load : Lookup/name: "CMUSerif" -> "cmunbx.otf"
luaotfload | load : Lookup/name: "CMUSerif" -> "cmunbx.otf"
Overfull \hbox (5.11975pt too wide) in paragraph at lines 38--39
\EU2/CMUSerif(0)/m/n/12     
. ,     
 
 []


Overfull \hbox (23.49178pt too wide) in paragraph at lines 38--39
\EU2/CMUSerif(0)/m/n/12      
 (.. bidirectional-bfs  visited) 

 []


Overfull \hbox (26.25182pt too wide) in paragraph at lines 39--40
\EU2/CMUSerif(0)/m/n/12    
  bidirectional Breadth-First Search,  

 []

luaotfload | load : path lookup of "latinmodern-math" unsuccessful, falling back
 to file:
luaotfload | load : path lookup of "latinmodern-math" unsuccessful, falling back
 to file:
LaTeX Font Info:    Font shape `EU2/latinmodern-math.otf(1)/m/n' will be
(Font)              scaled to size 12.00018pt on input line 42.
luaotfload | load : path lookup of "latinmodern-math" unsuccessful, falling back
 to file:
LaTeX Font Info:    Font shape `EU2/latinmodern-math.otf(1)/m/n' will be
(Font)              scaled to size 8.40009pt on input line 42.
luaotfload | load : path lookup of "latinmodern-math" unsuccessful, falling back
 to file:
LaTeX Font Info:    Font shape `EU2/latinmodern-math.otf(1)/m/n' will be
(Font)              scaled to size 6.00009pt on input line 42.
luaotfload | load : path lookup of "latinmodern-math" unsuccessful, falling back
 to file:
LaTeX Font Info:    Font shape `EU2/latinmodern-math.otf(2)/m/n' will be
(Font)              scaled to size 11.99982pt on input line 42.
luaotfload | load : path lookup of "latinmodern-math" unsuccessful, falling back
 to file:
LaTeX Font Info:    Font shape `EU2/latinmodern-math.otf(2)/m/n' will be
(Font)              scaled to size 8.39983pt on input line 42.
luaotfload | load : path lookup of "latinmodern-math" unsuccessful, falling back
 to file:
LaTeX Font Info:    Font shape `EU2/latinmodern-math.otf(2)/m/n' will be
(Font)              scaled to size 5.99991pt on input line 42.
luaotfload | load : path lookup of "latinmodern-math" unsuccessful, falling back
 to file:
Overfull \hbox (12.27081pt too wide) in paragraph at lines 42--43
[][]\EU2/CMUSerif(0)/m/n/12     
:   ,   BFS 

 []


Overfull \hbox (2.94774pt too wide) in paragraph at lines 45--46
\EU2/CMUSerif(0)/m/n/12    ,  
      
  
 []


Overfull \hbox (10.79576pt too wide) in paragraph at lines 45--46
\EU2/CMUSerif(0)/m/n/12    
 (-)  
 .
 []

[1

{/usr/local/texlive/2014/texmf-var/fonts/map/pdftex/updmap/pdftex.map}]
Overfull \hbox (16.73575pt too wide) in paragraph at lines 49--51
\EU2/CMUSerif(0)/m/n/12     SCCs, 
    Tarjan,  

 []


Overfull \hbox (7.14944pt too wide) in paragraph at lines 57--58
\EU2/CMUSerif(0)/m/n/12      
  (list pool))   

 []

[2]
luaotfload | load : path lookup of "latinmodern-math" unsuccessful, falling back
 to file:
LaTeX Font Info:    Font shape `EU2/latinmodern-math.otf(1)/m/n' will be
(Font)              scaled to size 5.00008pt on input line 78.
luaotfload | load : path lookup of "latinmodern-math" unsuccessful, falling back
 to file:
LaTeX Font Info:    Font shape `EU2/latinmodern-math.otf(2)/m/n' will be
(Font)              scaled to size 4.99992pt on input line 78.
luaotfload | load : path lookup of "latinmodern-math" unsuccessful, falling back
 to file: <DynamicDatasets_times.png, id=42, 455.45157pt x 255.95625pt>
File: DynamicDatasets_times.png Graphic file (type png)

<use DynamicDatasets_times.png>
Package pdftex.def Info: DynamicDatasets_times.png used on input line 90.
(pdftex.def)             Requested size: 227.72522pt x 127.9778pt.

Underfull \hbox (badness 10000) in paragraph at lines 70--92

 []

<DynamicDatasets_VmPeak.png, id=43, 455.45157pt x 255.95625pt>
File: DynamicDatasets_VmPeak.png Graphic file (type png)

<use DynamicDatasets_VmPeak.png>
Package pdftex.def Info: DynamicDatasets_VmPeak.png used on input line 110.
(pdftex.def)             Requested size: 227.72522pt x 127.9778pt.

<StaticDatasets_times.png, id=44, 455.45157pt x 255.95625pt>
File: StaticDatasets_times.png Graphic file (type png)

<use StaticDatasets_times.png>
Package pdftex.def Info: StaticDatasets_times.png used on input line 131.
(pdftex.def)             Requested size: 227.72522pt x 127.9778pt.
 [3<./DynamicDatasets_times.png><./DynamicDatasets_VmPeak.png>] <StaticDatasets
_VmPeak.png, id=51, 455.45157pt x 255.95625pt>
File: StaticDatasets_VmPeak.png Graphic file (type png)

<use StaticDatasets_VmPeak.png>
Package pdftex.def Info: StaticDatasets_VmPeak.png used on input line 152.
(pdftex.def)             Requested size: 227.72522pt x 127.9778pt.

<DynamicDatasetMultithreading_times.png, id=52, 455.45157pt x 255.95625pt>
File: DynamicDatasetMultithreading_times.png Graphic file (type png)

<use DynamicDatasetMultithreading_times.png>
Package pdftex.def Info: DynamicDatasetMultithreading_times.png used on input li
ne 174.
(pdftex.def)             Requested size: 227.72522pt x 127.9778pt.

Underfull \hbox (badness 10000) in paragraph at lines 156--176

 []

<DynamicDatasetMultithreading_VmPeak.png, id=53, 455.45157pt x 255.95625pt>
File: DynamicDatasetMultithreading_VmPeak.png Graphic file (type png)

<use DynamicDatasetMultithreading_VmPeak.png>
Package pdftex.def Info: DynamicDatasetMultithreading_VmPeak.png used on input l
ine 196.
(pdftex.def)             Requested size: 227.72522pt x 127.9778pt.

Underfull \hbox (badness 10000) in paragraph at lines 196--197

 []

[4<./StaticDatasets_times.png><./StaticDatasets_VmPeak.png><./DynamicDatasetMult
ithreading_times.png>]
<DynamicStaticMultithreading_times.png, id=61, 455.45157pt x 255.95625pt>
File: DynamicStaticMultithreading_times.png Graphic file (type png)

<use DynamicStaticMultithreading_times.png>
Package pdftex.def Info: DynamicStaticMultithreading_times.png used on input lin
e 218.
(pdftex.def)             Requested size: 227.72522pt x 127.9778pt.

<DynamicStaticMultithreading_VmPeak.png, id=62, 455.45157pt x 255.95625pt>
File: DynamicStaticMultithreading_VmPeak.png Graphic file (type png)

<use DynamicStaticMultithreading_VmPeak.png>
Package pdftex.def Info: DynamicStaticMultithreading_VmPeak.png used on input li
ne 240.
(pdftex.def)             Requested size: 227.72522pt x 127.9778pt.
Package atveryend Info: Empty hook `BeforeClearDocument' on input line 243.
 [5<./DynamicDatasetMultithreading_VmPeak.png><./DynamicStaticMultithreading_tim
es.png><./DynamicStaticMultithreading_VmPeak.png>]
Package atveryend Info: Empty hook `AfterLastShipout' on input line 243.
 (./documentation.aux)
Package atveryend Info: Executing hook `AtVeryEndDocument' on input line 243.
Package atveryend Info: Executing hook `AtEndAfterFileList' on input line 243.
Package rerunfilecheck Info: File `documentation.out' has not changed.
(rerunfilecheck)             Checksum: 0246E813822C3DFFB215F79149C820F2;457.
)

Here is how much of LuaTeX's memory you used:
 26788 strings out of 494693
 125171,662416 words of node,token memory allocated
 439 words of node memory still in use:
   7 hlist, 2 vlist, 2 rule, 2 glue, 2 kern, 1 glyph, 8 attribute, 51 glue_spec,
 8 attribute_list, 1 write nodes
   avail lists: 1:54,2:6758,3:93,4:1264,5:178,6:2163,7:176,8:6,9:519,10:977,11:5
17,12:229
 29720 multiletter control sequences out of 65536+600000
 65 fonts using 23033159 bytes
 55i,13n,60p,1578b,404s stack positions out of 5000i,500n,10000p,200000b,100000s
</usr/local/texlive/2014/texmf-dist/fonts/opentype/public/cm-unicode/cmunbx.otf>
</usr/local/texlive/2014/texmf-dist/fonts/opentype/public/lm/lmmono12-regular.ot
f></usr/local/texlive/2014/texmf-dist/fonts/opentype/public/cm-unicode/cmunrm.ot
f>
Output written on documentation.pdf (5 pages, 209969 bytes).

PDF statistics: 93 PDF objects out of 1000 (max. 8388607)
 68 compressed objects within 1 object stream
 20 named destinations out of 1000 (max. 131072)
 49 words of extra memory for PDF output out of 10000 (max. 10000000)

